<?xml version="1.0" encoding="UTF-8"?>
<!-- Generated by org.testng.reporters.JUnitXMLReporter -->
<testsuite hostname="LAPTOP-JVNL5G83" ignored="0" name="Surefire test" tests="11" failures="7" timestamp="24 Oct 2020 19:59:06 GMT" time="113.53" errors="0">
  <testcase name="test1" time="0.006" classname="com.carbonite.qa.tests.AllProductsPageTest">
    <failure type="java.lang.AssertionError" message="expected [false] but found [true]">
      <![CDATA[java.lang.AssertionError: expected [false] but found [true]
at com.carbonite.qa.tests.AllProductsPageTest.test1(AllProductsPageTest.java:33)
... Removed 36 stack frames]]>
    </failure>
  </testcase> <!-- test1 -->
  <testcase name="learnMoreClickTest" time="1.273" classname="com.carbonite.qa.tests.AllProductsPageTest"/>
  <testcase name="learnMoreClickTest" time="1.22" classname="com.carbonite.qa.tests.AllProductsPageTest"/>
  <testcase name="getTitleOfThePage" time="0.007" classname="com.carbonite.qa.tests.BuisnessSolutionPageTest">
    <failure type="java.lang.AssertionError" message="expected [Small business cloud backup for your business data | Carbonite] but found []">
      <![CDATA[java.lang.AssertionError: expected [Small business cloud backup for your business data | Carbonite] but found []
at com.carbonite.qa.tests.BuisnessSolutionPageTest.getTitleOfThePage(BuisnessSolutionPageTest.java:34)
... Removed 36 stack frames]]>
    </failure>
  </testcase> <!-- getTitleOfThePage -->
  <testcase name="getTitleOfThePage" time="0.282" classname="com.carbonite.qa.tests.CompareBackUpPlanTest">
    <failure type="java.lang.AssertionError" message="expected [Personal Cloud Backup Pricing, Plans &amp;amp; Features | Carbonite] but found [Backup Product Select | Carbonite]">
      <![CDATA[java.lang.AssertionError: expected [Personal Cloud Backup Pricing, Plans & Features | Carbonite] but found [Backup Product Select | Carbonite]
at com.carbonite.qa.tests.CompareBackUpPlanTest.getTitleOfThePage(CompareBackUpPlanTest.java:36)
... Removed 36 stack frames]]>
    </failure>
  </testcase> <!-- getTitleOfThePage -->
  <testcase name="fillSignUpFormWithValidTestData" time="1.808" classname="com.carbonite.qa.tests.SignUpPageTest">
    <failure type="java.lang.AssertionError" message="expected [Download] but found [Try Carbonite Computer Backup Free For 15 Days | Carbonite]">
      <![CDATA[java.lang.AssertionError: expected [Download] but found [Try Carbonite Computer Backup Free For 15 Days | Carbonite]
at com.carbonite.qa.tests.SignUpPageTest.fillSignUpFormWithValidTestData(SignUpPageTest.java:64)
... Removed 36 stack frames]]>
    </failure>
  </testcase> <!-- fillSignUpFormWithValidTestData -->
  <testcase name="fillSignUpFormWithValidTestData" time="1.723" classname="com.carbonite.qa.tests.SignUpPageTest">
    <failure type="java.lang.AssertionError" message="expected [Download] but found [Try Carbonite Computer Backup Free For 15 Days | Carbonite]">
      <![CDATA[java.lang.AssertionError: expected [Download] but found [Try Carbonite Computer Backup Free For 15 Days | Carbonite]
at com.carbonite.qa.tests.SignUpPageTest.fillSignUpFormWithValidTestData(SignUpPageTest.java:64)
... Removed 36 stack frames]]>
    </failure>
  </testcase> <!-- fillSignUpFormWithValidTestData -->
  <testcase name="fillSignUpFormWithValidTestData" time="1.545" classname="com.carbonite.qa.tests.SignUpPageTest">
    <failure type="java.lang.AssertionError" message="expected [Download] but found [Try Carbonite Computer Backup Free For 15 Days | Carbonite]">
      <![CDATA[java.lang.AssertionError: expected [Download] but found [Try Carbonite Computer Backup Free For 15 Days | Carbonite]
at com.carbonite.qa.tests.SignUpPageTest.fillSignUpFormWithValidTestData(SignUpPageTest.java:64)
... Removed 36 stack frames]]>
    </failure>
  </testcase> <!-- fillSignUpFormWithValidTestData -->
  <testcase name="fillSignUpFormWithNegativeTestData" time="1.063" classname="com.carbonite.qa.tests.SignUpPageTest"/>
  <testcase name="fillSignUpFormWithNegativeTestData" time="0.767" classname="com.carbonite.qa.tests.SignUpPageTest"/>
  <testcase name="test" time="0.001" classname="com.carbonite.qa.tests.SignUpPageTest">
    <failure type="java.lang.AssertionError" message="expected [true] but found [false]">
      <![CDATA[java.lang.AssertionError: expected [true] but found [false]
at com.carbonite.qa.tests.SignUpPageTest.test(SignUpPageTest.java:100)
... Removed 36 stack frames]]>
    </failure>
  </testcase> <!-- test -->
</testsuite> <!-- Surefire test -->
