<?xml version="1.0" encoding="UTF-8"?>
<!-- Generated by org.testng.reporters.JUnitXMLReporter -->
<testsuite hostname="LAPTOP-JVNL5G83" ignored="0" name="Test" tests="14" failures="6" timestamp="08 Sep 2020 15:29:37 GMT" time="272.878" errors="0">
  <testcase name="getTitleOfThePage" time="0.014" classname="com.carbonite.qa.tests.CompareBackUpPlanTest"/>
  <testcase name="getTitleOfThePage" time="0.012" classname="com.carbonite.qa.tests.BuisnessSolutionPageTest"/>
  <testcase name="fillSignUpFormWithValidTestData" time="2.185" classname="com.carbonite.qa.tests.SignUpPageTest">
    <skipped/>
  </testcase> <!-- fillSignUpFormWithValidTestData -->
  <testcase name="fillSignUpFormWithValidTestData" time="2.431" classname="com.carbonite.qa.tests.SignUpPageTest">
    <skipped/>
  </testcase> <!-- fillSignUpFormWithValidTestData -->
  <testcase name="fillSignUpFormWithValidTestData" time="1.361" classname="com.carbonite.qa.tests.SignUpPageTest">
    <failure type="java.lang.AssertionError" message="expected [Download] but found [Try Carbonite Computer Backup Free For 15 Days | Carbonite]">
      <![CDATA[java.lang.AssertionError: expected [Download] but found [Try Carbonite Computer Backup Free For 15 Days | Carbonite]
at com.carbonite.qa.tests.SignUpPageTest.fillSignUpFormWithValidTestData(SignUpPageTest.java:64)
... Removed 31 stack frames]]>
    </failure>
  </testcase> <!-- fillSignUpFormWithValidTestData -->
  <testcase name="fillSignUpFormWithValidTestData" time="1.353" classname="com.carbonite.qa.tests.SignUpPageTest">
    <failure type="java.lang.AssertionError" message="expected [Download] but found [Try Carbonite Computer Backup Free For 15 Days | Carbonite]">
      <![CDATA[java.lang.AssertionError: expected [Download] but found [Try Carbonite Computer Backup Free For 15 Days | Carbonite]
at com.carbonite.qa.tests.SignUpPageTest.fillSignUpFormWithValidTestData(SignUpPageTest.java:64)
... Removed 31 stack frames]]>
    </failure>
  </testcase> <!-- fillSignUpFormWithValidTestData -->
  <testcase name="fillSignUpFormWithValidTestData" time="1.337" classname="com.carbonite.qa.tests.SignUpPageTest">
    <failure type="java.lang.AssertionError" message="expected [Download] but found [Try Carbonite Computer Backup Free For 15 Days | Carbonite]">
      <![CDATA[java.lang.AssertionError: expected [Download] but found [Try Carbonite Computer Backup Free For 15 Days | Carbonite]
at com.carbonite.qa.tests.SignUpPageTest.fillSignUpFormWithValidTestData(SignUpPageTest.java:64)
... Removed 31 stack frames]]>
    </failure>
  </testcase> <!-- fillSignUpFormWithValidTestData -->
  <testcase name="fillSignUpFormWithValidTestData" time="3.067" classname="com.carbonite.qa.tests.SignUpPageTest">
    <failure type="java.lang.AssertionError" message="expected [Download] but found [Try Carbonite Computer Backup Free For 15 Days | Carbonite]">
      <![CDATA[java.lang.AssertionError: expected [Download] but found [Try Carbonite Computer Backup Free For 15 Days | Carbonite]
at com.carbonite.qa.tests.SignUpPageTest.fillSignUpFormWithValidTestData(SignUpPageTest.java:64)
... Removed 31 stack frames]]>
    </failure>
  </testcase> <!-- fillSignUpFormWithValidTestData -->
  <testcase name="fillSignUpFormWithValidTestData" time="1.329" classname="com.carbonite.qa.tests.SignUpPageTest">
    <failure type="java.lang.AssertionError" message="expected [Download] but found [Try Carbonite Computer Backup Free For 15 Days | Carbonite]">
      <![CDATA[java.lang.AssertionError: expected [Download] but found [Try Carbonite Computer Backup Free For 15 Days | Carbonite]
at com.carbonite.qa.tests.SignUpPageTest.fillSignUpFormWithValidTestData(SignUpPageTest.java:64)
... Removed 31 stack frames]]>
    </failure>
  </testcase> <!-- fillSignUpFormWithValidTestData -->
  <testcase name="fillSignUpFormWithNegativeTestData" time="0.582" classname="com.carbonite.qa.tests.SignUpPageTest"/>
  <testcase name="fillSignUpFormWithNegativeTestData" time="0.6" classname="com.carbonite.qa.tests.SignUpPageTest"/>
  <testcase name="test" time="0.001" classname="com.carbonite.qa.tests.SignUpPageTest">
    <skipped/>
  </testcase> <!-- test -->
  <testcase name="test" time="0.001" classname="com.carbonite.qa.tests.SignUpPageTest">
    <skipped/>
  </testcase> <!-- test -->
  <testcase name="test" time="0.001" classname="com.carbonite.qa.tests.SignUpPageTest">
    <failure type="java.lang.AssertionError" message="expected [true] but found [false]">
      <![CDATA[java.lang.AssertionError: expected [true] but found [false]
at com.carbonite.qa.tests.SignUpPageTest.test(SignUpPageTest.java:100)
... Removed 31 stack frames]]>
    </failure>
  </testcase> <!-- test -->
</testsuite> <!-- Test -->
