<!DOCTYPE html PUBLIC "-//W3C//DTD XHTML 1.1//EN" "http://www.w3.org/TR/xhtml11/DTD/xhtml11.dtd">
<html xmlns="http://www.w3.org/1999/xhtml">
<head>
<meta http-equiv="content-type" content="text/html; charset=UTF-8"/>
<title>TestNG Report</title>
<style type="text/css">table {margin-bottom:10px;border-collapse:collapse;empty-cells:show}th,td {border:1px solid #009;padding:.25em .5em}th {vertical-align:bottom}td {vertical-align:top}table a {font-weight:bold}.stripe td {background-color: #E6EBF9}.num {text-align:right}.passedodd td {background-color: #3F3}.passedeven td {background-color: #0A0}.skippedodd td {background-color: #DDD}.skippedeven td {background-color: #CCC}.failedodd td,.attn {background-color: #F33}.failedeven td,.stripe .attn {background-color: #D00}.stacktrace {white-space:pre;font-family:monospace}.totop {font-size:85%;text-align:center;border-bottom:2px solid #000}.invisible {display:none}</style>
</head>
<body>
<table>
<tr><th>Test</th><th># Passed</th><th># Skipped</th><th># Failed</th><th>Time (ms)</th><th>Included Groups</th><th>Excluded Groups</th></tr>
<tr><th colspan="7">Surefire suite</th></tr>
<tr><td><a href="#t0">Surefire test</a></td><td class="num">4</td><td class="num">0</td><td class="num attn">7</td><td class="num">113,530</td><td></td><td></td></tr>
</table>
<table id='summary'><thead><tr><th>Class</th><th>Method</th><th>Start</th><th>Time (ms)</th></tr></thead><tbody><tr><th colspan="4">Surefire suite</th></tr></tbody><tbody id="t0"><tr><th colspan="4">Surefire test &#8212; failed</th></tr><tr class="failedeven"><td rowspan="1">com.carbonite.qa.tests.AllProductsPageTest</td><td><a href="#m0">test1</a></td><td rowspan="1">1603569443475</td><td rowspan="1">6</td></tr><tr class="failedodd"><td rowspan="1">com.carbonite.qa.tests.BuisnessSolutionPageTest</td><td><a href="#m1">getTitleOfThePage</a></td><td rowspan="1">1603569476062</td><td rowspan="1">7</td></tr><tr class="failedeven"><td rowspan="1">com.carbonite.qa.tests.CompareBackUpPlanTest</td><td><a href="#m2">getTitleOfThePage</a></td><td rowspan="1">1603569486050</td><td rowspan="1">282</td></tr><tr class="failedodd"><td rowspan="4">com.carbonite.qa.tests.SignUpPageTest</td><td><a href="#m3">fillSignUpFormWithValidTestData</a></td><td rowspan="3">1603569515646</td><td rowspan="3">1545</td></tr><tr class="failedodd"><td><a href="#m4">fillSignUpFormWithValidTestData</a></td></tr><tr class="failedodd"><td><a href="#m5">fillSignUpFormWithValidTestData</a></td></tr><tr class="failedodd"><td><a href="#m6">test</a></td><td rowspan="1">1603569545560</td><td rowspan="1">1</td></tr><tr><th colspan="4">Surefire test &#8212; passed</th></tr><tr class="passedeven"><td rowspan="2">com.carbonite.qa.tests.AllProductsPageTest</td><td><a href="#m7">learnMoreClickTest</a></td><td rowspan="2">1603569464749</td><td rowspan="2">1220</td></tr><tr class="passedeven"><td><a href="#m8">learnMoreClickTest</a></td></tr><tr class="passedodd"><td rowspan="2">com.carbonite.qa.tests.SignUpPageTest</td><td><a href="#m9">fillSignUpFormWithNegativeTestData</a></td><td rowspan="2">1603569536249</td><td rowspan="2">767</td></tr><tr class="passedodd"><td><a href="#m10">fillSignUpFormWithNegativeTestData</a></td></tr></tbody>
</table>
<h2>Surefire test</h2><h3 id="m0">com.carbonite.qa.tests.AllProductsPageTest#test1</h3><table class="result"><tr><th>Exception</th></tr><tr><td><div class="stacktrace">java.lang.AssertionError: expected [false] but found [true]
	at com.carbonite.qa.tests.AllProductsPageTest.test1(AllProductsPageTest.java:33)
... Removed 36 stack frames</div></td></tr></table><p class="totop"><a href="#summary">back to summary</a></p>
<h3 id="m1">com.carbonite.qa.tests.BuisnessSolutionPageTest#getTitleOfThePage</h3><table class="result"><tr><th>Exception</th></tr><tr><td><div class="stacktrace">java.lang.AssertionError: expected [Small business cloud backup for your business data | Carbonite] but found []
	at com.carbonite.qa.tests.BuisnessSolutionPageTest.getTitleOfThePage(BuisnessSolutionPageTest.java:34)
... Removed 36 stack frames</div></td></tr></table><p class="totop"><a href="#summary">back to summary</a></p>
<h3 id="m2">com.carbonite.qa.tests.CompareBackUpPlanTest#getTitleOfThePage</h3><table class="result"><tr><th>Exception</th></tr><tr><td><div class="stacktrace">java.lang.AssertionError: expected [Personal Cloud Backup Pricing, Plans &amp; Features | Carbonite] but found [Backup Product Select | Carbonite]
	at com.carbonite.qa.tests.CompareBackUpPlanTest.getTitleOfThePage(CompareBackUpPlanTest.java:36)
... Removed 36 stack frames</div></td></tr></table><p class="totop"><a href="#summary">back to summary</a></p>
<h3 id="m3">com.carbonite.qa.tests.SignUpPageTest#fillSignUpFormWithValidTestData</h3><table class="result"><tr class="param"><th>Parameter #1</th><th>Parameter #2</th><th>Parameter #3</th><th>Parameter #4</th></tr><tr class="param stripe"><td>manvir..singh92@gmail.com</td><td>manvir..singh92@gmail.com</td><td>Manager@123</td><td>Manager@123</td></tr><tr><th colspan="4">Exception</th></tr><tr><td colspan="4"><div class="stacktrace">java.lang.AssertionError: expected [Download] but found [Try Carbonite Computer Backup Free For 15 Days | Carbonite]
	at com.carbonite.qa.tests.SignUpPageTest.fillSignUpFormWithValidTestData(SignUpPageTest.java:64)
... Removed 36 stack frames</div></td></tr></table><p class="totop"><a href="#summary">back to summary</a></p>
<h3 id="m4">com.carbonite.qa.tests.SignUpPageTest#fillSignUpFormWithValidTestData</h3><table class="result"><tr class="param"><th>Parameter #1</th><th>Parameter #2</th><th>Parameter #3</th><th>Parameter #4</th></tr><tr class="param stripe"><td>manvir..singh91@gmail.com</td><td>manvir..singh91@gmail.com</td><td>Manager@123</td><td>Manager@123</td></tr><tr><th colspan="4">Exception</th></tr><tr><td colspan="4"><div class="stacktrace">java.lang.AssertionError: expected [Download] but found [Try Carbonite Computer Backup Free For 15 Days | Carbonite]
	at com.carbonite.qa.tests.SignUpPageTest.fillSignUpFormWithValidTestData(SignUpPageTest.java:64)
... Removed 36 stack frames</div></td></tr></table><p class="totop"><a href="#summary">back to summary</a></p>
<h3 id="m5">com.carbonite.qa.tests.SignUpPageTest#fillSignUpFormWithValidTestData</h3><table class="result"><tr class="param"><th>Parameter #1</th><th>Parameter #2</th><th>Parameter #3</th><th>Parameter #4</th></tr><tr class="param stripe"><td>manvir..singh9@gmail.com</td><td>manvir..singh9@gmail.com</td><td>Manager@123</td><td>Manager@123</td></tr><tr><th colspan="4">Exception</th></tr><tr><td colspan="4"><div class="stacktrace">java.lang.AssertionError: expected [Download] but found [Try Carbonite Computer Backup Free For 15 Days | Carbonite]
	at com.carbonite.qa.tests.SignUpPageTest.fillSignUpFormWithValidTestData(SignUpPageTest.java:64)
... Removed 36 stack frames</div></td></tr></table><p class="totop"><a href="#summary">back to summary</a></p>
<h3 id="m6">com.carbonite.qa.tests.SignUpPageTest#test</h3><table class="result"><tr><th>Exception</th></tr><tr><td><div class="stacktrace">java.lang.AssertionError: expected [true] but found [false]
	at com.carbonite.qa.tests.SignUpPageTest.test(SignUpPageTest.java:100)
... Removed 36 stack frames</div></td></tr></table><p class="totop"><a href="#summary">back to summary</a></p>
<h3 id="m7">com.carbonite.qa.tests.AllProductsPageTest#learnMoreClickTest</h3><table class="result"><tr><th class="invisible"/></tr></table><p class="totop"><a href="#summary">back to summary</a></p>
<h3 id="m8">com.carbonite.qa.tests.AllProductsPageTest#learnMoreClickTest</h3><table class="result"><tr><th class="invisible"/></tr></table><p class="totop"><a href="#summary">back to summary</a></p>
<h3 id="m9">com.carbonite.qa.tests.SignUpPageTest#fillSignUpFormWithNegativeTestData</h3><table class="result"><tr class="param"><th>Parameter #1</th><th>Parameter #2</th><th>Parameter #3</th><th>Parameter #4</th></tr><tr class="param stripe"><td>manvir456@gmail.com</td><td>manvir456@gmail.com</td><td>password@123</td><td>password@1234</td></tr></table><p class="totop"><a href="#summary">back to summary</a></p>
<h3 id="m10">com.carbonite.qa.tests.SignUpPageTest#fillSignUpFormWithNegativeTestData</h3><table class="result"><tr class="param"><th>Parameter #1</th><th>Parameter #2</th><th>Parameter #3</th><th>Parameter #4</th></tr><tr class="param stripe"><td>manvir456@gmail.com</td><td>manvir123@gmail.com</td><td>password@1234</td><td>password@1234</td></tr></table><p class="totop"><a href="#summary">back to summary</a></p>
</body>
</html>
