<?xml version="1.0" encoding="UTF-8"?>
<testsuite xmlns:xsi="http://www.w3.org/2001/XMLSchema-instance" xsi:noNamespaceSchemaLocation="https://maven.apache.org/surefire/maven-surefire-plugin/xsd/surefire-test-report.xsd" name="TestSuite" time="114.368" tests="11" errors="0" skipped="0" failures="7">
  <properties>
    <property name="sun.desktop" value="windows"/>
    <property name="awt.toolkit" value="sun.awt.windows.WToolkit"/>
    <property name="file.encoding.pkg" value="sun.io"/>
    <property name="java.specification.version" value="1.8"/>
    <property name="sun.cpu.isalist" value="amd64"/>
    <property name="sun.jnu.encoding" value="Cp1252"/>
    <property name="java.class.path" value="C:\Users\Owner\eclipse-workspace\carbonite_QA\target\test-classes;C:\Users\Owner\eclipse-workspace\carbonite_QA\target\classes;C:\Users\Owner\.m2\repository\commons-io\commons-io\2.6\commons-io-2.6.jar;C:\Users\Owner\.m2\repository\log4j\log4j\1.2.17\log4j-1.2.17.jar;C:\Users\Owner\.m2\repository\org\apache\commons\commons-lang3\3.11\commons-lang3-3.11.jar;C:\Users\Owner\.m2\repository\io\github\bonigarcia\webdrivermanager\3.8.0\webdrivermanager-3.8.0.jar;C:\Users\Owner\.m2\repository\org\slf4j\slf4j-api\1.7.25\slf4j-api-1.7.25.jar;C:\Users\Owner\.m2\repository\com\google\code\gson\gson\2.8.5\gson-2.8.5.jar;C:\Users\Owner\.m2\repository\org\apache\httpcomponents\httpclient\4.5.6\httpclient-4.5.6.jar;C:\Users\Owner\.m2\repository\org\apache\httpcomponents\httpcore\4.4.10\httpcore-4.4.10.jar;C:\Users\Owner\.m2\repository\commons-logging\commons-logging\1.2\commons-logging-1.2.jar;C:\Users\Owner\.m2\repository\org\rauschig\jarchivelib\1.0.0\jarchivelib-1.0.0.jar;C:\Users\Owner\.m2\repository\org\jsoup\jsoup\1.11.3\jsoup-1.11.3.jar;C:\Users\Owner\.m2\repository\org\seleniumhq\selenium\selenium-java\3.141.59\selenium-java-3.141.59.jar;C:\Users\Owner\.m2\repository\org\seleniumhq\selenium\selenium-api\3.141.59\selenium-api-3.141.59.jar;C:\Users\Owner\.m2\repository\org\seleniumhq\selenium\selenium-chrome-driver\3.141.59\selenium-chrome-driver-3.141.59.jar;C:\Users\Owner\.m2\repository\org\seleniumhq\selenium\selenium-edge-driver\3.141.59\selenium-edge-driver-3.141.59.jar;C:\Users\Owner\.m2\repository\org\seleniumhq\selenium\selenium-firefox-driver\3.141.59\selenium-firefox-driver-3.141.59.jar;C:\Users\Owner\.m2\repository\org\seleniumhq\selenium\selenium-ie-driver\3.141.59\selenium-ie-driver-3.141.59.jar;C:\Users\Owner\.m2\repository\org\seleniumhq\selenium\selenium-opera-driver\3.141.59\selenium-opera-driver-3.141.59.jar;C:\Users\Owner\.m2\repository\org\seleniumhq\selenium\selenium-remote-driver\3.141.59\selenium-remote-driver-3.141.59.jar;C:\Users\Owner\.m2\repository\org\seleniumhq\selenium\selenium-safari-driver\3.141.59\selenium-safari-driver-3.141.59.jar;C:\Users\Owner\.m2\repository\org\seleniumhq\selenium\selenium-support\3.141.59\selenium-support-3.141.59.jar;C:\Users\Owner\.m2\repository\net\bytebuddy\byte-buddy\1.8.15\byte-buddy-1.8.15.jar;C:\Users\Owner\.m2\repository\org\apache\commons\commons-exec\1.3\commons-exec-1.3.jar;C:\Users\Owner\.m2\repository\com\google\guava\guava\25.0-jre\guava-25.0-jre.jar;C:\Users\Owner\.m2\repository\com\google\code\findbugs\jsr305\1.3.9\jsr305-1.3.9.jar;C:\Users\Owner\.m2\repository\org\checkerframework\checker-compat-qual\2.0.0\checker-compat-qual-2.0.0.jar;C:\Users\Owner\.m2\repository\com\google\errorprone\error_prone_annotations\2.1.3\error_prone_annotations-2.1.3.jar;C:\Users\Owner\.m2\repository\com\google\j2objc\j2objc-annotations\1.1\j2objc-annotations-1.1.jar;C:\Users\Owner\.m2\repository\org\codehaus\mojo\animal-sniffer-annotations\1.14\animal-sniffer-annotations-1.14.jar;C:\Users\Owner\.m2\repository\com\squareup\okhttp3\okhttp\3.11.0\okhttp-3.11.0.jar;C:\Users\Owner\.m2\repository\com\squareup\okio\okio\1.14.0\okio-1.14.0.jar;C:\Users\Owner\.m2\repository\org\testng\testng\6.14.3\testng-6.14.3.jar;C:\Users\Owner\.m2\repository\com\beust\jcommander\1.72\jcommander-1.72.jar;C:\Users\Owner\.m2\repository\org\apache-extras\beanshell\bsh\2.0b6\bsh-2.0b6.jar;C:\Users\Owner\.m2\repository\org\apache\poi\poi\3.17\poi-3.17.jar;C:\Users\Owner\.m2\repository\commons-codec\commons-codec\1.10\commons-codec-1.10.jar;C:\Users\Owner\.m2\repository\org\apache\commons\commons-collections4\4.1\commons-collections4-4.1.jar;C:\Users\Owner\.m2\repository\org\apache\poi\poi-ooxml\3.17\poi-ooxml-3.17.jar;C:\Users\Owner\.m2\repository\org\apache\poi\poi-ooxml-schemas\3.17\poi-ooxml-schemas-3.17.jar;C:\Users\Owner\.m2\repository\org\apache\xmlbeans\xmlbeans\2.6.0\xmlbeans-2.6.0.jar;C:\Users\Owner\.m2\repository\stax\stax-api\1.0.1\stax-api-1.0.1.jar;C:\Users\Owner\.m2\repository\com\github\virtuald\curvesapi\1.04\curvesapi-1.04.jar;C:\Users\Owner\.m2\repository\org\apache\commons\commons-compress\1.20\commons-compress-1.20.jar;C:\Users\Owner\.m2\repository\com\aventstack\extentreports\3.1.2\extentreports-3.1.2.jar;C:\Users\Owner\.m2\repository\org\freemarker\freemarker\2.3.23\freemarker-2.3.23.jar;C:\Users\Owner\.m2\repository\org\mongodb\mongodb-driver\3.3.0\mongodb-driver-3.3.0.jar;C:\Users\Owner\.m2\repository\org\mongodb\bson\3.3.0\bson-3.3.0.jar;C:\Users\Owner\.m2\repository\org\mongodb\mongodb-driver-core\3.3.0\mongodb-driver-core-3.3.0.jar;C:\Users\Owner\.m2\repository\org\apache\httpcomponents\httpmime\4.5.2\httpmime-4.5.2.jar;C:\Users\Owner\.m2\repository\com\google\inject\guice\4.1.0\guice-4.1.0.jar;C:\Users\Owner\.m2\repository\javax\inject\javax.inject\1\javax.inject-1.jar;C:\Users\Owner\.m2\repository\aopalliance\aopalliance\1.0\aopalliance-1.0.jar;"/>
    <property name="java.vm.vendor" value="Oracle Corporation"/>
    <property name="sun.arch.data.model" value="64"/>
    <property name="user.variant" value=""/>
    <property name="java.vendor.url" value="http://java.oracle.com/"/>
    <property name="user.timezone" value="America/New_York"/>
    <property name="java.vm.specification.version" value="1.8"/>
    <property name="os.name" value="Windows 10"/>
    <property name="user.country" value="CA"/>
    <property name="sun.java.launcher" value="SUN_STANDARD"/>
    <property name="sun.boot.library.path" value="C:\Program Files\Java\jdk1.8.0_151\jre\bin"/>
    <property name="sun.java.command" value="C:\Users\Owner\AppData\Local\Temp\surefire7980985060046558182\surefirebooter5930462636496135087.jar C:\Users\Owner\AppData\Local\Temp\surefire7980985060046558182 2020-10-24T15-57-10_611-jvmRun1 surefire2542197782880848704tmp surefire_07212497379149905316tmp"/>
    <property name="surefire.test.class.path" value="C:\Users\Owner\eclipse-workspace\carbonite_QA\target\test-classes;C:\Users\Owner\eclipse-workspace\carbonite_QA\target\classes;C:\Users\Owner\.m2\repository\commons-io\commons-io\2.6\commons-io-2.6.jar;C:\Users\Owner\.m2\repository\log4j\log4j\1.2.17\log4j-1.2.17.jar;C:\Users\Owner\.m2\repository\org\apache\commons\commons-lang3\3.11\commons-lang3-3.11.jar;C:\Users\Owner\.m2\repository\io\github\bonigarcia\webdrivermanager\3.8.0\webdrivermanager-3.8.0.jar;C:\Users\Owner\.m2\repository\org\slf4j\slf4j-api\1.7.25\slf4j-api-1.7.25.jar;C:\Users\Owner\.m2\repository\com\google\code\gson\gson\2.8.5\gson-2.8.5.jar;C:\Users\Owner\.m2\repository\org\apache\httpcomponents\httpclient\4.5.6\httpclient-4.5.6.jar;C:\Users\Owner\.m2\repository\org\apache\httpcomponents\httpcore\4.4.10\httpcore-4.4.10.jar;C:\Users\Owner\.m2\repository\commons-logging\commons-logging\1.2\commons-logging-1.2.jar;C:\Users\Owner\.m2\repository\org\rauschig\jarchivelib\1.0.0\jarchivelib-1.0.0.jar;C:\Users\Owner\.m2\repository\org\jsoup\jsoup\1.11.3\jsoup-1.11.3.jar;C:\Users\Owner\.m2\repository\org\seleniumhq\selenium\selenium-java\3.141.59\selenium-java-3.141.59.jar;C:\Users\Owner\.m2\repository\org\seleniumhq\selenium\selenium-api\3.141.59\selenium-api-3.141.59.jar;C:\Users\Owner\.m2\repository\org\seleniumhq\selenium\selenium-chrome-driver\3.141.59\selenium-chrome-driver-3.141.59.jar;C:\Users\Owner\.m2\repository\org\seleniumhq\selenium\selenium-edge-driver\3.141.59\selenium-edge-driver-3.141.59.jar;C:\Users\Owner\.m2\repository\org\seleniumhq\selenium\selenium-firefox-driver\3.141.59\selenium-firefox-driver-3.141.59.jar;C:\Users\Owner\.m2\repository\org\seleniumhq\selenium\selenium-ie-driver\3.141.59\selenium-ie-driver-3.141.59.jar;C:\Users\Owner\.m2\repository\org\seleniumhq\selenium\selenium-opera-driver\3.141.59\selenium-opera-driver-3.141.59.jar;C:\Users\Owner\.m2\repository\org\seleniumhq\selenium\selenium-remote-driver\3.141.59\selenium-remote-driver-3.141.59.jar;C:\Users\Owner\.m2\repository\org\seleniumhq\selenium\selenium-safari-driver\3.141.59\selenium-safari-driver-3.141.59.jar;C:\Users\Owner\.m2\repository\org\seleniumhq\selenium\selenium-support\3.141.59\selenium-support-3.141.59.jar;C:\Users\Owner\.m2\repository\net\bytebuddy\byte-buddy\1.8.15\byte-buddy-1.8.15.jar;C:\Users\Owner\.m2\repository\org\apache\commons\commons-exec\1.3\commons-exec-1.3.jar;C:\Users\Owner\.m2\repository\com\google\guava\guava\25.0-jre\guava-25.0-jre.jar;C:\Users\Owner\.m2\repository\com\google\code\findbugs\jsr305\1.3.9\jsr305-1.3.9.jar;C:\Users\Owner\.m2\repository\org\checkerframework\checker-compat-qual\2.0.0\checker-compat-qual-2.0.0.jar;C:\Users\Owner\.m2\repository\com\google\errorprone\error_prone_annotations\2.1.3\error_prone_annotations-2.1.3.jar;C:\Users\Owner\.m2\repository\com\google\j2objc\j2objc-annotations\1.1\j2objc-annotations-1.1.jar;C:\Users\Owner\.m2\repository\org\codehaus\mojo\animal-sniffer-annotations\1.14\animal-sniffer-annotations-1.14.jar;C:\Users\Owner\.m2\repository\com\squareup\okhttp3\okhttp\3.11.0\okhttp-3.11.0.jar;C:\Users\Owner\.m2\repository\com\squareup\okio\okio\1.14.0\okio-1.14.0.jar;C:\Users\Owner\.m2\repository\org\testng\testng\6.14.3\testng-6.14.3.jar;C:\Users\Owner\.m2\repository\com\beust\jcommander\1.72\jcommander-1.72.jar;C:\Users\Owner\.m2\repository\org\apache-extras\beanshell\bsh\2.0b6\bsh-2.0b6.jar;C:\Users\Owner\.m2\repository\org\apache\poi\poi\3.17\poi-3.17.jar;C:\Users\Owner\.m2\repository\commons-codec\commons-codec\1.10\commons-codec-1.10.jar;C:\Users\Owner\.m2\repository\org\apache\commons\commons-collections4\4.1\commons-collections4-4.1.jar;C:\Users\Owner\.m2\repository\org\apache\poi\poi-ooxml\3.17\poi-ooxml-3.17.jar;C:\Users\Owner\.m2\repository\org\apache\poi\poi-ooxml-schemas\3.17\poi-ooxml-schemas-3.17.jar;C:\Users\Owner\.m2\repository\org\apache\xmlbeans\xmlbeans\2.6.0\xmlbeans-2.6.0.jar;C:\Users\Owner\.m2\repository\stax\stax-api\1.0.1\stax-api-1.0.1.jar;C:\Users\Owner\.m2\repository\com\github\virtuald\curvesapi\1.04\curvesapi-1.04.jar;C:\Users\Owner\.m2\repository\org\apache\commons\commons-compress\1.20\commons-compress-1.20.jar;C:\Users\Owner\.m2\repository\com\aventstack\extentreports\3.1.2\extentreports-3.1.2.jar;C:\Users\Owner\.m2\repository\org\freemarker\freemarker\2.3.23\freemarker-2.3.23.jar;C:\Users\Owner\.m2\repository\org\mongodb\mongodb-driver\3.3.0\mongodb-driver-3.3.0.jar;C:\Users\Owner\.m2\repository\org\mongodb\bson\3.3.0\bson-3.3.0.jar;C:\Users\Owner\.m2\repository\org\mongodb\mongodb-driver-core\3.3.0\mongodb-driver-core-3.3.0.jar;C:\Users\Owner\.m2\repository\org\apache\httpcomponents\httpmime\4.5.2\httpmime-4.5.2.jar;C:\Users\Owner\.m2\repository\com\google\inject\guice\4.1.0\guice-4.1.0.jar;C:\Users\Owner\.m2\repository\javax\inject\javax.inject\1\javax.inject-1.jar;C:\Users\Owner\.m2\repository\aopalliance\aopalliance\1.0\aopalliance-1.0.jar;"/>
    <property name="sun.cpu.endian" value="little"/>
    <property name="user.home" value="C:\Users\Owner"/>
    <property name="user.language" value="en"/>
    <property name="java.specification.vendor" value="Oracle Corporation"/>
    <property name="java.home" value="C:\Program Files\Java\jdk1.8.0_151\jre"/>
    <property name="basedir" value="C:\Users\Owner\eclipse-workspace\carbonite_QA"/>
    <property name="file.separator" value="\"/>
    <property name="line.separator" value="&#10;"/>
    <property name="java.vm.specification.vendor" value="Oracle Corporation"/>
    <property name="java.specification.name" value="Java Platform API Specification"/>
    <property name="java.awt.graphicsenv" value="sun.awt.Win32GraphicsEnvironment"/>
    <property name="surefire.real.class.path" value="C:\Users\Owner\AppData\Local\Temp\surefire7980985060046558182\surefirebooter5930462636496135087.jar"/>
    <property name="sun.boot.class.path" value="C:\Program Files\Java\jdk1.8.0_151\jre\lib\resources.jar;C:\Program Files\Java\jdk1.8.0_151\jre\lib\rt.jar;C:\Program Files\Java\jdk1.8.0_151\jre\lib\sunrsasign.jar;C:\Program Files\Java\jdk1.8.0_151\jre\lib\jsse.jar;C:\Program Files\Java\jdk1.8.0_151\jre\lib\jce.jar;C:\Program Files\Java\jdk1.8.0_151\jre\lib\charsets.jar;C:\Program Files\Java\jdk1.8.0_151\jre\lib\jfr.jar;C:\Program Files\Java\jdk1.8.0_151\jre\classes"/>
    <property name="user.script" value=""/>
    <property name="sun.management.compiler" value="HotSpot 64-Bit Tiered Compilers"/>
    <property name="java.runtime.version" value="1.8.0_151-b12"/>
    <property name="user.name" value="Owner"/>
    <property name="path.separator" value=";"/>
    <property name="os.version" value="10.0"/>
    <property name="java.endorsed.dirs" value="C:\Program Files\Java\jdk1.8.0_151\jre\lib\endorsed"/>
    <property name="java.runtime.name" value="Java(TM) SE Runtime Environment"/>
    <property name="file.encoding" value="Cp1252"/>
    <property name="java.vm.name" value="Java HotSpot(TM) 64-Bit Server VM"/>
    <property name="localRepository" value="C:\Users\Owner\.m2\repository"/>
    <property name="java.vendor.url.bug" value="http://bugreport.sun.com/bugreport/"/>
    <property name="java.io.tmpdir" value="C:\Users\Owner\AppData\Local\Temp\"/>
    <property name="java.version" value="1.8.0_151"/>
    <property name="user.dir" value="C:\Users\Owner\eclipse-workspace\carbonite_QA"/>
    <property name="os.arch" value="amd64"/>
    <property name="java.vm.specification.name" value="Java Virtual Machine Specification"/>
    <property name="java.awt.printerjob" value="sun.awt.windows.WPrinterJob"/>
    <property name="sun.os.patch.level" value=""/>
    <property name="java.library.path" value="C:\Program Files\Java\jdk1.8.0_151\jre\bin;C:\WINDOWS\Sun\Java\bin;C:\WINDOWS\system32;C:\WINDOWS;F:\app\Owner\product\11.2.0\dbhome_1\bin;C:\Program Files (x86)\Common Files\Oracle\Java\javapath;C:\Program Files (x86)\Intel\iCLS Client\;C:\ProgramData\Oracle\Java\javapath;C:\Program Files\Intel\iCLS Client\;C:\windows\system32;C:\windows;C:\windows\System32\Wbem;C:\windows\System32\WindowsPowerShell\v1.0\;C:\Program Files (x86)\NVIDIA Corporation\PhysX\Common;C:\Program Files (x86)\Common Files\Acronis\VirtualFile\;C:\Program Files (x86)\Common Files\Acronis\VirtualFile64\;C:\Program Files (x86)\Common Files\Acronis\FileProtector\;C:\Program Files (x86)\Common Files\Acronis\FileProtector64\;C:\Program Files (x86)\Common Files\Acronis\SnapAPI\;C:\WINDOWS\system32;C:\WINDOWS;C:\WINDOWS\System32\Wbem;C:\WINDOWS\System32\WindowsPowerShell\v1.0\;C:\Program Files (x86)\Intel\Intel(R) Management Engine Components\DAL;C:\Program Files\Intel\Intel(R) Management Engine Components\DAL;C:\Program Files (x86)\Intel\Intel(R) Management Engine Components\IPT;C:\Program Files\Intel\Intel(R) Management Engine Components\IPT;C:\WINDOWS\System32\OpenSSH\;C:\Program Files\Intel\WiFi\bin\;C:\Program Files\Common Files\Intel\WirelessCommon\;C:\Program Files\Java\jdk1.8.0_151\bin;C:\Drivers\apache-maven-3.6.3\bin;C:\Drivers\gradle-6.2.2\bin;C:\Drivers\gradle-6.3\bin;C:\Program Files (x86)\Microsoft SQL Server\100\Tools\Binn\;C:\Program Files\Microsoft SQL Server\100\Tools\Binn\;C:\Program Files\Microsoft SQL Server\100\DTS\Binn\;C:\Program Files\nodejs\;C:\Users\Owner\AppData\Roaming\npm\node_modules\newman;C:\Program Files\Git\bin;C:\Users\Owner\AppData\Local\Microsoft\WindowsApps;;C:\Program Files\JetBrains\IntelliJ IDEA Community Edition 2019.1.2\bin;;C:\Users\Owner\AppData\Roaming\npm;C:\Program Files\Docker Toolbox;."/>
    <property name="java.vm.info" value="mixed mode"/>
    <property name="java.vendor" value="Oracle Corporation"/>
    <property name="java.vm.version" value="25.151-b12"/>
    <property name="java.ext.dirs" value="C:\Program Files\Java\jdk1.8.0_151\jre\lib\ext;C:\WINDOWS\Sun\Java\lib\ext"/>
    <property name="sun.io.unicode.encoding" value="UnicodeLittle"/>
    <property name="java.class.version" value="52.0"/>
  </properties>
  <testcase name="test1" classname="com.carbonite.qa.tests.AllProductsPageTest" time="0.021">
    <failure message="expected [false] but found [true]" type="java.lang.AssertionError">java.lang.AssertionError: expected [false] but found [true]
	at com.carbonite.qa.tests.AllProductsPageTest.test1(AllProductsPageTest.java:33)
</failure>
    <system-out><![CDATA[2020-10-24 15:57:19 INFO  TestBase:108 - =====Application Started=====
0 [main] INFO com.carbonite.qa.base.TestBase  - =====Application Started=====
Before navigating to: 'https://www.carbonite.com/backup-software/safe-personal-trial/'
Navigated to:'https://www.carbonite.com/backup-software/safe-personal-trial/'
Trying to find Element By : By.xpath: //nav[@class='main']//ul/li
Found Element By : By.xpath: //nav[@class='main']//ul/li
Trying to click on: [[ChromeDriver: chrome on WINDOWS (6831122c56d09c09c07596481f15a854)] -> xpath: //nav[@class='main']//ul/li]
Clicked on: [[ChromeDriver: chrome on WINDOWS (6831122c56d09c09c07596481f15a854)] -> xpath: //nav[@class='main']//ul/li]
]]></system-out>
    <system-err><![CDATA[SLF4J: Failed to load class "org.slf4j.impl.StaticLoggerBinder".
SLF4J: Defaulting to no-operation (NOP) logger implementation
SLF4J: See http://www.slf4j.org/codes.html#StaticLoggerBinder for further details.
Oct 24, 2020 3:57:12 PM java.util.prefs.WindowsPreferences <init>
WARNING: Could not open/create prefs root node Software\JavaSoft\Prefs at root 0x80000002. Windows RegCreateKeyEx(...) returned error code 5.
Starting ChromeDriver 86.0.4240.22 (398b0743353ff36fb1b82468f63a3a93b4e2e89e-refs/branch-heads/4240@{#378}) on port 10468
Only local connections are allowed.
Please see https://chromedriver.chromium.org/security-considerations for suggestions on keeping ChromeDriver safe.
ChromeDriver was started successfully.
Oct 24, 2020 3:57:17 PM org.openqa.selenium.remote.ProtocolHandshake createSession
INFO: Detected dialect: W3C
]]></system-err>
  </testcase>
  <testcase name="learnMoreClickTest" classname="com.carbonite.qa.tests.AllProductsPageTest" time="1.267"/>
  <testcase name="learnMoreClickTest" classname="com.carbonite.qa.tests.AllProductsPageTest" time="1.213"/>
  <testcase name="getTitleOfThePage" classname="com.carbonite.qa.tests.BuisnessSolutionPageTest" time="0.004">
    <failure message="expected [Small business cloud backup for your business data | Carbonite] but found []" type="java.lang.AssertionError">java.lang.AssertionError: expected [Small business cloud backup for your business data | Carbonite] but found []
	at com.carbonite.qa.tests.BuisnessSolutionPageTest.getTitleOfThePage(BuisnessSolutionPageTest.java:34)
</failure>
    <system-out><![CDATA[2020-10-24 15:57:46 INFO  TestBase:51 - =====Browser Session End=====
26849 [main] INFO com.carbonite.qa.base.TestBase  - =====Browser Session End=====
2020-10-24 15:57:52 INFO  TestBase:108 - =====Application Started=====
32450 [main] INFO com.carbonite.qa.base.TestBase  - =====Application Started=====
Before navigating to: 'https://www.carbonite.com/backup-software/safe-personal-trial/'
Navigated to:'https://www.carbonite.com/backup-software/safe-personal-trial/'
Trying to find Element By : By.xpath: //nav[@class='main']//ul/li
Found Element By : By.xpath: //nav[@class='main']//ul/li
Trying to click on: [[ChromeDriver: chrome on WINDOWS (4e3627ad7b384a23d37b72bf5bb3203a)] -> xpath: //nav[@class='main']//ul/li]
Clicked on: [[ChromeDriver: chrome on WINDOWS (4e3627ad7b384a23d37b72bf5bb3203a)] -> xpath: //nav[@class='main']//ul/li]
]]></system-out>
    <system-err><![CDATA[Starting ChromeDriver 86.0.4240.22 (398b0743353ff36fb1b82468f63a3a93b4e2e89e-refs/branch-heads/4240@{#378}) on port 40580
Only local connections are allowed.
Please see https://chromedriver.chromium.org/security-considerations for suggestions on keeping ChromeDriver safe.
ChromeDriver was started successfully.
Oct 24, 2020 3:57:50 PM org.openqa.selenium.remote.ProtocolHandshake createSession
INFO: Detected dialect: W3C
]]></system-err>
  </testcase>
  <testcase name="getTitleOfThePage" classname="com.carbonite.qa.tests.CompareBackUpPlanTest" time="0.277">
    <failure message="expected [Personal Cloud Backup Pricing, Plans &amp; Features | Carbonite] but found [Backup Product Select | Carbonite]" type="java.lang.AssertionError"><![CDATA[java.lang.AssertionError: expected [Personal Cloud Backup Pricing, Plans & Features | Carbonite] but found [Backup Product Select | Carbonite]
	at com.carbonite.qa.tests.CompareBackUpPlanTest.getTitleOfThePage(CompareBackUpPlanTest.java:36)
]]></failure>
    <system-out><![CDATA[2020-10-24 15:57:56 INFO  TestBase:43 - =====Browser Session End=====
36954 [main] INFO com.carbonite.qa.base.TestBase  - =====Browser Session End=====
2020-10-24 15:58:02 INFO  TestBase:108 - =====Application Started=====
42678 [main] INFO com.carbonite.qa.base.TestBase  - =====Application Started=====
Before navigating to: 'https://www.carbonite.com/backup-software/safe-personal-trial/'
Navigated to:'https://www.carbonite.com/backup-software/safe-personal-trial/'
Trying to find Element By : By.xpath: //nav[@class='main']//ul/li
Found Element By : By.xpath: //nav[@class='main']//ul/li
Trying to click on: [[ChromeDriver: chrome on WINDOWS (745c341eb135a2a7e7cfae1a18012a67)] -> xpath: //nav[@class='main']//ul/li]
Clicked on: [[ChromeDriver: chrome on WINDOWS (745c341eb135a2a7e7cfae1a18012a67)] -> xpath: //nav[@class='main']//ul/li]
]]></system-out>
    <system-err><![CDATA[Starting ChromeDriver 86.0.4240.22 (398b0743353ff36fb1b82468f63a3a93b4e2e89e-refs/branch-heads/4240@{#378}) on port 22172
Only local connections are allowed.
Please see https://chromedriver.chromium.org/security-considerations for suggestions on keeping ChromeDriver safe.
ChromeDriver was started successfully.
Oct 24, 2020 3:58:00 PM org.openqa.selenium.remote.ProtocolHandshake createSession
INFO: Detected dialect: W3C
]]></system-err>
  </testcase>
  <testcase name="fillSignUpFormWithValidTestData" classname="com.carbonite.qa.tests.SignUpPageTest" time="1.808">
    <failure message="expected [Download] but found [Try Carbonite Computer Backup Free For 15 Days | Carbonite]" type="java.lang.AssertionError">java.lang.AssertionError: expected [Download] but found [Try Carbonite Computer Backup Free For 15 Days | Carbonite]
	at com.carbonite.qa.tests.SignUpPageTest.fillSignUpFormWithValidTestData(SignUpPageTest.java:64)
</failure>
    <system-out><![CDATA[2020-10-24 15:58:07 INFO  TestBase:45 - =====Browser Session End=====
47297 [main] INFO com.carbonite.qa.base.TestBase  - =====Browser Session End=====
Row count is : 3
Column count is  : 4
2020-10-24 15:58:13 INFO  TestBase:108 - =====Application Started=====
53692 [main] INFO com.carbonite.qa.base.TestBase  - =====Application Started=====
Before navigating to: 'https://www.carbonite.com/backup-software/safe-personal-trial/'
Navigated to:'https://www.carbonite.com/backup-software/safe-personal-trial/'
Trying to find Element By : By.xpath: //button[@class='circle']
Found Element By : By.xpath: //button[@class='circle']
Trying to find Element By : By.xpath: //button[@class='circle']
Found Element By : By.xpath: //button[@class='circle']
Trying to click on: [[ChromeDriver: chrome on WINDOWS (e7cde8db460b1c6227e0544998950a72)] -> xpath: //button[@class='circle']]
Clicked on: [[ChromeDriver: chrome on WINDOWS (e7cde8db460b1c6227e0544998950a72)] -> xpath: //button[@class='circle']]
Trying to find Element By : By.name: Email
Found Element By : By.name: Email
Trying to find Element By : By.name: confirmEmail
Found Element By : By.name: confirmEmail
Trying to find Element By : By.name: Password
Found Element By : By.name: Password
Trying to find Element By : By.name: ConfirmPassword
Found Element By : By.name: ConfirmPassword
Trying to find Element By : By.name: Country
Found Element By : By.name: Country
Trying to click on: [[ChromeDriver: chrome on WINDOWS (e7cde8db460b1c6227e0544998950a72)] -> name: Country]
Clicked on: [[ChromeDriver: chrome on WINDOWS (e7cde8db460b1c6227e0544998950a72)] -> name: Country]
Trying to find Element By : By.xpath: .//option[normalize-space(.) = "Canada"]
Found Element By : By.xpath: .//option[normalize-space(.) = "Canada"]
Trying to click on: [[[[ChromeDriver: chrome on WINDOWS (e7cde8db460b1c6227e0544998950a72)] -> name: Country]] -> xpath: .//option[normalize-space(.) = "Canada"]]
Clicked on: [[[[ChromeDriver: chrome on WINDOWS (e7cde8db460b1c6227e0544998950a72)] -> name: Country]] -> xpath: .//option[normalize-space(.) = "Canada"]]
Trying to find Element By : By.name: GDPROptIn
Found Element By : By.name: GDPROptIn
Trying to click on: [[ChromeDriver: chrome on WINDOWS (e7cde8db460b1c6227e0544998950a72)] -> name: GDPROptIn]
Clicked on: [[ChromeDriver: chrome on WINDOWS (e7cde8db460b1c6227e0544998950a72)] -> name: GDPROptIn]
Trying to find Element By : By.xpath: //input[@type='submit']
Found Element By : By.xpath: //input[@type='submit']
]]></system-out>
    <system-err><![CDATA[Starting ChromeDriver 86.0.4240.22 (398b0743353ff36fb1b82468f63a3a93b4e2e89e-refs/branch-heads/4240@{#378}) on port 35609
Only local connections are allowed.
Please see https://chromedriver.chromium.org/security-considerations for suggestions on keeping ChromeDriver safe.
ChromeDriver was started successfully.
Oct 24, 2020 3:58:11 PM org.openqa.selenium.remote.ProtocolHandshake createSession
INFO: Detected dialect: W3C
]]></system-err>
  </testcase>
  <testcase name="fillSignUpFormWithValidTestData" classname="com.carbonite.qa.tests.SignUpPageTest" time="1.72">
    <failure message="expected [Download] but found [Try Carbonite Computer Backup Free For 15 Days | Carbonite]" type="java.lang.AssertionError">java.lang.AssertionError: expected [Download] but found [Try Carbonite Computer Backup Free For 15 Days | Carbonite]
	at com.carbonite.qa.tests.SignUpPageTest.fillSignUpFormWithValidTestData(SignUpPageTest.java:64)
</failure>
    <system-out><![CDATA[2020-10-24 15:58:18 INFO  TestBase:155 - =====Browser Session End=====
58084 [main] INFO com.carbonite.qa.base.TestBase  - =====Browser Session End=====
2020-10-24 15:58:23 INFO  TestBase:108 - =====Application Started=====
63791 [main] INFO com.carbonite.qa.base.TestBase  - =====Application Started=====
Before navigating to: 'https://www.carbonite.com/backup-software/safe-personal-trial/'
Navigated to:'https://www.carbonite.com/backup-software/safe-personal-trial/'
Trying to find Element By : By.xpath: //button[@class='circle']
Found Element By : By.xpath: //button[@class='circle']
Trying to find Element By : By.xpath: //button[@class='circle']
Found Element By : By.xpath: //button[@class='circle']
Trying to click on: [[ChromeDriver: chrome on WINDOWS (f4a732350f1b9b6159ef2789ba3155f0)] -> xpath: //button[@class='circle']]
Clicked on: [[ChromeDriver: chrome on WINDOWS (f4a732350f1b9b6159ef2789ba3155f0)] -> xpath: //button[@class='circle']]
Trying to find Element By : By.name: Email
Found Element By : By.name: Email
Trying to find Element By : By.name: confirmEmail
Found Element By : By.name: confirmEmail
Trying to find Element By : By.name: Password
Found Element By : By.name: Password
Trying to find Element By : By.name: ConfirmPassword
Found Element By : By.name: ConfirmPassword
Trying to find Element By : By.name: Country
Found Element By : By.name: Country
Trying to click on: [[ChromeDriver: chrome on WINDOWS (f4a732350f1b9b6159ef2789ba3155f0)] -> name: Country]
Clicked on: [[ChromeDriver: chrome on WINDOWS (f4a732350f1b9b6159ef2789ba3155f0)] -> name: Country]
Trying to find Element By : By.xpath: .//option[normalize-space(.) = "Canada"]
Found Element By : By.xpath: .//option[normalize-space(.) = "Canada"]
Trying to click on: [[[[ChromeDriver: chrome on WINDOWS (f4a732350f1b9b6159ef2789ba3155f0)] -> name: Country]] -> xpath: .//option[normalize-space(.) = "Canada"]]
Clicked on: [[[[ChromeDriver: chrome on WINDOWS (f4a732350f1b9b6159ef2789ba3155f0)] -> name: Country]] -> xpath: .//option[normalize-space(.) = "Canada"]]
Trying to find Element By : By.name: GDPROptIn
Found Element By : By.name: GDPROptIn
Trying to click on: [[ChromeDriver: chrome on WINDOWS (f4a732350f1b9b6159ef2789ba3155f0)] -> name: GDPROptIn]
Clicked on: [[ChromeDriver: chrome on WINDOWS (f4a732350f1b9b6159ef2789ba3155f0)] -> name: GDPROptIn]
Trying to find Element By : By.xpath: //input[@type='submit']
Found Element By : By.xpath: //input[@type='submit']
]]></system-out>
    <system-err><![CDATA[Starting ChromeDriver 86.0.4240.22 (398b0743353ff36fb1b82468f63a3a93b4e2e89e-refs/branch-heads/4240@{#378}) on port 14357
Only local connections are allowed.
Please see https://chromedriver.chromium.org/security-considerations for suggestions on keeping ChromeDriver safe.
ChromeDriver was started successfully.
Oct 24, 2020 3:58:21 PM org.openqa.selenium.remote.ProtocolHandshake createSession
INFO: Detected dialect: W3C
]]></system-err>
  </testcase>
  <testcase name="fillSignUpFormWithValidTestData" classname="com.carbonite.qa.tests.SignUpPageTest" time="1.545">
    <failure message="expected [Download] but found [Try Carbonite Computer Backup Free For 15 Days | Carbonite]" type="java.lang.AssertionError">java.lang.AssertionError: expected [Download] but found [Try Carbonite Computer Backup Free For 15 Days | Carbonite]
	at com.carbonite.qa.tests.SignUpPageTest.fillSignUpFormWithValidTestData(SignUpPageTest.java:64)
</failure>
    <system-out><![CDATA[2020-10-24 15:58:28 INFO  TestBase:155 - =====Browser Session End=====
68151 [main] INFO com.carbonite.qa.base.TestBase  - =====Browser Session End=====
2020-10-24 15:58:33 INFO  TestBase:108 - =====Application Started=====
73859 [main] INFO com.carbonite.qa.base.TestBase  - =====Application Started=====
Before navigating to: 'https://www.carbonite.com/backup-software/safe-personal-trial/'
Navigated to:'https://www.carbonite.com/backup-software/safe-personal-trial/'
Trying to find Element By : By.xpath: //button[@class='circle']
Found Element By : By.xpath: //button[@class='circle']
Trying to find Element By : By.xpath: //button[@class='circle']
Found Element By : By.xpath: //button[@class='circle']
Trying to click on: [[ChromeDriver: chrome on WINDOWS (1575996f292c074651479ee9102d6c06)] -> xpath: //button[@class='circle']]
Clicked on: [[ChromeDriver: chrome on WINDOWS (1575996f292c074651479ee9102d6c06)] -> xpath: //button[@class='circle']]
Trying to find Element By : By.name: Email
Found Element By : By.name: Email
Trying to find Element By : By.name: confirmEmail
Found Element By : By.name: confirmEmail
Trying to find Element By : By.name: Password
Found Element By : By.name: Password
Trying to find Element By : By.name: ConfirmPassword
Found Element By : By.name: ConfirmPassword
Trying to find Element By : By.name: Country
Found Element By : By.name: Country
Trying to click on: [[ChromeDriver: chrome on WINDOWS (1575996f292c074651479ee9102d6c06)] -> name: Country]
Clicked on: [[ChromeDriver: chrome on WINDOWS (1575996f292c074651479ee9102d6c06)] -> name: Country]
Trying to find Element By : By.xpath: .//option[normalize-space(.) = "Canada"]
Found Element By : By.xpath: .//option[normalize-space(.) = "Canada"]
Trying to click on: [[[[ChromeDriver: chrome on WINDOWS (1575996f292c074651479ee9102d6c06)] -> name: Country]] -> xpath: .//option[normalize-space(.) = "Canada"]]
Clicked on: [[[[ChromeDriver: chrome on WINDOWS (1575996f292c074651479ee9102d6c06)] -> name: Country]] -> xpath: .//option[normalize-space(.) = "Canada"]]
Trying to find Element By : By.name: GDPROptIn
Found Element By : By.name: GDPROptIn
Trying to click on: [[ChromeDriver: chrome on WINDOWS (1575996f292c074651479ee9102d6c06)] -> name: GDPROptIn]
Clicked on: [[ChromeDriver: chrome on WINDOWS (1575996f292c074651479ee9102d6c06)] -> name: GDPROptIn]
Trying to find Element By : By.xpath: //input[@type='submit']
Found Element By : By.xpath: //input[@type='submit']
]]></system-out>
    <system-err><![CDATA[Starting ChromeDriver 86.0.4240.22 (398b0743353ff36fb1b82468f63a3a93b4e2e89e-refs/branch-heads/4240@{#378}) on port 33016
Only local connections are allowed.
Please see https://chromedriver.chromium.org/security-considerations for suggestions on keeping ChromeDriver safe.
ChromeDriver was started successfully.
Oct 24, 2020 3:58:31 PM org.openqa.selenium.remote.ProtocolHandshake createSession
INFO: Detected dialect: W3C
]]></system-err>
  </testcase>
  <testcase name="fillSignUpFormWithNegativeTestData" classname="com.carbonite.qa.tests.SignUpPageTest" time="1.062"/>
  <testcase name="fillSignUpFormWithNegativeTestData" classname="com.carbonite.qa.tests.SignUpPageTest" time="0.766"/>
  <testcase name="test" classname="com.carbonite.qa.tests.SignUpPageTest" time="0">
    <failure message="expected [true] but found [false]" type="java.lang.AssertionError">java.lang.AssertionError: expected [true] but found [false]
	at com.carbonite.qa.tests.SignUpPageTest.test(SignUpPageTest.java:100)
</failure>
    <system-out><![CDATA[2020-10-24 15:58:57 INFO  TestBase:155 - =====Browser Session End=====
97817 [main] INFO com.carbonite.qa.base.TestBase  - =====Browser Session End=====
2020-10-24 15:59:03 INFO  TestBase:108 - =====Application Started=====
103484 [main] INFO com.carbonite.qa.base.TestBase  - =====Application Started=====
Before navigating to: 'https://www.carbonite.com/backup-software/safe-personal-trial/'
Navigated to:'https://www.carbonite.com/backup-software/safe-personal-trial/'
]]></system-out>
    <system-err><![CDATA[Starting ChromeDriver 86.0.4240.22 (398b0743353ff36fb1b82468f63a3a93b4e2e89e-refs/branch-heads/4240@{#378}) on port 20445
Only local connections are allowed.
Please see https://chromedriver.chromium.org/security-considerations for suggestions on keeping ChromeDriver safe.
ChromeDriver was started successfully.
Oct 24, 2020 3:59:01 PM org.openqa.selenium.remote.ProtocolHandshake createSession
INFO: Detected dialect: W3C
]]></system-err>
  </testcase>
</testsuite>