<?xml version="1.0" encoding="UTF-8"?>
<testng-results skipped="0" failed="1" ignored="0" total="3" passed="2">
  <reporter-output>
  </reporter-output>
  <suite name="Default suite" duration-ms="37113" started-at="2020-10-24T19:40:40Z" finished-at="2020-10-24T19:41:17Z">
    <groups>
    </groups>
    <test name="Default test" duration-ms="37113" started-at="2020-10-24T19:40:40Z" finished-at="2020-10-24T19:41:17Z">
      <class name="com.carbonite.qa.tests.AllProductsPageTest">
        <test-method status="PASS" signature="loggersetUp()[pri:0, instance:com.carbonite.qa.tests.AllProductsPageTest@5c1a8622]" name="loggersetUp" is-config="true" duration-ms="212" started-at="2020-10-24T19:40:40Z" finished-at="2020-10-24T19:40:40Z">
          <reporter-output>
          </reporter-output>
        </test-method> <!-- loggersetUp -->
        <test-method status="PASS" signature="setUp()[pri:0, instance:com.carbonite.qa.tests.AllProductsPageTest@5c1a8622]" name="setUp" is-config="true" duration-ms="13681" started-at="2020-10-24T19:40:40Z" finished-at="2020-10-24T19:40:54Z">
          <reporter-output>
          </reporter-output>
        </test-method> <!-- setUp -->
        <test-method status="FAIL" signature="test1()[pri:0, instance:com.carbonite.qa.tests.AllProductsPageTest@5c1a8622]" name="test1" duration-ms="12" started-at="2020-10-24T19:40:54Z" finished-at="2020-10-24T19:40:54Z">
          <exception class="java.lang.AssertionError">
            <message>
              <![CDATA[expected [false] but found [true]]]>
            </message>
            <full-stacktrace>
              <![CDATA[java.lang.AssertionError: expected [false] but found [true]
at org.testng.Assert.fail(Assert.java:96)
at org.testng.Assert.failNotEquals(Assert.java:776)
at org.testng.Assert.assertEqualsImpl(Assert.java:137)
at org.testng.Assert.assertEquals(Assert.java:118)
at org.testng.Assert.assertEquals(Assert.java:568)
at org.testng.Assert.assertEquals(Assert.java:578)
at com.carbonite.qa.tests.AllProductsPageTest.test1(AllProductsPageTest.java:33)
at sun.reflect.NativeMethodAccessorImpl.invoke0(Native Method)
at sun.reflect.NativeMethodAccessorImpl.invoke(NativeMethodAccessorImpl.java:62)
at sun.reflect.DelegatingMethodAccessorImpl.invoke(DelegatingMethodAccessorImpl.java:43)
at java.lang.reflect.Method.invoke(Method.java:498)
at org.testng.internal.MethodInvocationHelper.invokeMethod(MethodInvocationHelper.java:124)
at org.testng.internal.Invoker.invokeMethod(Invoker.java:583)
at org.testng.internal.Invoker.invokeTestMethod(Invoker.java:719)
at org.testng.internal.Invoker.invokeTestMethods(Invoker.java:989)
at org.testng.internal.TestMethodWorker.invokeTestMethods(TestMethodWorker.java:125)
at org.testng.internal.TestMethodWorker.run(TestMethodWorker.java:109)
at org.testng.TestRunner.privateRun(TestRunner.java:648)
at org.testng.TestRunner.run(TestRunner.java:505)
at org.testng.SuiteRunner.runTest(SuiteRunner.java:455)
at org.testng.SuiteRunner.runSequentially(SuiteRunner.java:450)
at org.testng.SuiteRunner.privateRun(SuiteRunner.java:415)
at org.testng.SuiteRunner.run(SuiteRunner.java:364)
at org.testng.SuiteRunnerWorker.runSuite(SuiteRunnerWorker.java:52)
at org.testng.SuiteRunnerWorker.run(SuiteRunnerWorker.java:84)
at org.testng.TestNG.runSuitesSequentially(TestNG.java:1208)
at org.testng.TestNG.runSuitesLocally(TestNG.java:1137)
at org.testng.TestNG.runSuites(TestNG.java:1049)
at org.testng.TestNG.run(TestNG.java:1017)
at org.testng.remote.AbstractRemoteTestNG.run(AbstractRemoteTestNG.java:115)
at org.testng.remote.RemoteTestNG.initAndRun(RemoteTestNG.java:251)
at org.testng.remote.RemoteTestNG.main(RemoteTestNG.java:77)
]]>
            </full-stacktrace>
          </exception> <!-- java.lang.AssertionError -->
          <reporter-output>
          </reporter-output>
        </test-method> <!-- test1 -->
        <test-method status="PASS" signature="tearDown()[pri:0, instance:com.carbonite.qa.tests.AllProductsPageTest@5c1a8622]" name="tearDown" is-config="true" duration-ms="963" started-at="2020-10-24T19:40:54Z" finished-at="2020-10-24T19:40:55Z">
          <reporter-output>
          </reporter-output>
        </test-method> <!-- tearDown -->
        <test-method status="PASS" signature="setUp()[pri:0, instance:com.carbonite.qa.tests.AllProductsPageTest@5c1a8622]" name="setUp" is-config="true" duration-ms="9019" started-at="2020-10-24T19:40:55Z" finished-at="2020-10-24T19:41:04Z">
          <reporter-output>
          </reporter-output>
        </test-method> <!-- setUp -->
        <test-method status="PASS" signature="learnMoreClickTest()[pri:1, instance:com.carbonite.qa.tests.AllProductsPageTest@5c1a8622]" name="learnMoreClickTest" duration-ms="1346" started-at="2020-10-24T19:41:04Z" finished-at="2020-10-24T19:41:05Z">
          <reporter-output>
          </reporter-output>
        </test-method> <!-- learnMoreClickTest -->
        <test-method status="PASS" signature="tearDown()[pri:0, instance:com.carbonite.qa.tests.AllProductsPageTest@5c1a8622]" name="tearDown" is-config="true" duration-ms="693" started-at="2020-10-24T19:41:05Z" finished-at="2020-10-24T19:41:06Z">
          <reporter-output>
          </reporter-output>
        </test-method> <!-- tearDown -->
        <test-method status="PASS" signature="setUp()[pri:0, instance:com.carbonite.qa.tests.AllProductsPageTest@5c1a8622]" name="setUp" is-config="true" duration-ms="9294" started-at="2020-10-24T19:41:06Z" finished-at="2020-10-24T19:41:15Z">
          <reporter-output>
          </reporter-output>
        </test-method> <!-- setUp -->
        <test-method status="PASS" signature="learnMoreClickTest()[pri:1, instance:com.carbonite.qa.tests.AllProductsPageTest@5c1a8622]" name="learnMoreClickTest" duration-ms="1162" started-at="2020-10-24T19:41:15Z" finished-at="2020-10-24T19:41:17Z">
          <reporter-output>
          </reporter-output>
        </test-method> <!-- learnMoreClickTest -->
        <test-method status="PASS" signature="tearDown()[pri:0, instance:com.carbonite.qa.tests.AllProductsPageTest@5c1a8622]" name="tearDown" is-config="true" duration-ms="664" started-at="2020-10-24T19:41:17Z" finished-at="2020-10-24T19:41:17Z">
          <reporter-output>
          </reporter-output>
        </test-method> <!-- tearDown -->
      </class> <!-- com.carbonite.qa.tests.AllProductsPageTest -->
    </test> <!-- Default test -->
  </suite> <!-- Default suite -->
</testng-results>
